<?xml version="1.0" encoding="UTF-8"?>
<testsuite name="HandBagTest" tests="8" skipped="0" failures="0" errors="0" timestamp="2022-10-02T01:14:05" hostname="Manns-MBP" time="0.017">
  <properties/>
  <testcase name="TestSetColor" classname="HandBagTest" time="0.008"/>
  <testcase name="testGetColor" classname="HandBagTest" time="0.003"/>
  <testcase name="TestEnhance" classname="HandBagTest" time="0.0"/>
  <testcase name="TestGetCapacity" classname="HandBagTest" time="0.001"/>
  <testcase name="TestIncreaseCapacity" classname="HandBagTest" time="0.0"/>
  <testcase name="testGetNumberOfContentsPop" classname="HandBagTest" time="0.0"/>
  <testcase name="testGetNumberOfContentsNonEmpty" classname="HandBagTest" time="0.001"/>
  <testcase name="testGetNumberOfContentsEmpty" classname="HandBagTest" time="0.001"/>
  <system-out><![CDATA[]]></system-out>
  <system-err><![CDATA[]]></system-err>
</testsuite>
